<?xml version="1.0" encoding="UTF-8"?>
<!-- Generated by org.testng.reporters.JUnitXMLReporter -->
<testsuite ignored="0" hostname="DC-KA-QA-RL-254" failures="0" tests="2" name="End to end Framework Test" time="128.68" errors="0" timestamp="2025-10-18T00:20:10 IST">
  <testcase classname="com.frameworkdesign.eCommerce_tc_4_Hybrid" name="FillForm" time="34.357"/>
  <testcase classname="com.frameworkdesign.eCommerce_tc_4_Hybrid" name="FillForm" time="47.616"/>
</testsuite> <!-- End to end Framework Test -->
