<?xml version="1.0" encoding="UTF-8"?>
<!-- Generated by org.testng.reporters.JUnitXMLReporter -->
<testsuite ignored="0" hostname="DC-KA-QA-RL-254" failures="0" tests="2" name="Error Validations Test" time="14.413" errors="0" timestamp="2025-10-18T00:20:24 IST">
  <testcase classname="com.frameworkdesign.eCommerce_tc_2" name="FillForm_ErrorValidation" time="0.001">
    <skipped/>
  </testcase> <!-- FillForm_ErrorValidation -->
  <testcase classname="com.frameworkdesign.eCommerce_tc_2" name="FillForm_PositiveFlow" time="0.0">
    <skipped/>
  </testcase> <!-- FillForm_PositiveFlow -->
</testsuite> <!-- Error Validations Test -->
